Using pre-set license
Built from '2020.3/staging' branch; Version is '2020.3.24f1 (79c78de19888) revision 7980941'; Using compiler version '192528614'; Build Type 'Release'
OS: 'Windows 10  (10.0.19042) 64bit CoreSingleLanguage' Language: 'ru' Physical Memory: 16239 MB
BatchMode: 1, IsHumanControllingUs: 0, StartBugReporterOnCrash: 0, Is64bit: 1, IsPro: 0

COMMAND LINE ARGUMENTS:
D:\Games\2020.3.24f1\Editor\Unity.exe
-adb2
-batchMode
-noUpm
-name
AssetImportWorker0
-projectPath
D:/projects/Navigator
-logFile
Logs/AssetImportWorker0.log
-srvPort
1449
Successfully changed project path to: D:/projects/Navigator
D:/projects/Navigator
Using Asset Import Pipeline V2.
Refreshing native plugins compatible for Editor in 38.11 ms, found 2 plugins.
Preloading 0 native plugins for Editor in 0.00 ms.
Initialize engine version: 2020.3.24f1 (79c78de19888)
[Subsystems] Discovering subsystems at path D:/Games/2020.3.24f1/Editor/Data/Resources/UnitySubsystems
[Subsystems] Discovering subsystems at path D:/projects/Navigator/Assets
GfxDevice: creating device client; threaded=0
Direct3D:
    Version:  Direct3D 11.0 [level 11.1]
    Renderer: NVIDIA GeForce GTX 1050 (ID=0x1c8d)
    Vendor:   
    VRAM:     1979 MB
    Driver:   27.21.14.6089
Initialize mono
Mono path[0] = 'D:/Games/2020.3.24f1/Editor/Data/Managed'
Mono path[1] = 'D:/Games/2020.3.24f1/Editor/Data/MonoBleedingEdge/lib/mono/unityjit'
Mono config path = 'D:/Games/2020.3.24f1/Editor/Data/MonoBleedingEdge/etc'
Using monoOptions --debugger-agent=transport=dt_socket,embedding=1,server=y,suspend=n,address=127.0.0.1:56744
Begin MonoManager ReloadAssembly
Registering precompiled unity dll's ...
Register platform support module: D:/Games/2020.3.24f1/Editor/Data/PlaybackEngines/WebGLSupport/UnityEditor.WebGL.Extensions.dll
Register platform support module: D:/Games/2020.3.24f1/Editor/Data/PlaybackEngines/WindowsStandaloneSupport/UnityEditor.WindowsStandalone.Extensions.dll
Registered in 0.001570 seconds.
Native extension for WindowsStandalone target not found
Native extension for WebGL target not found
Refreshing native plugins compatible for Editor in 34.98 ms, found 2 plugins.
Preloading 0 native plugins for Editor in 0.00 ms.
Mono: successfully reloaded assembly
- Completed reload, in  0.800 seconds
Domain Reload Profiling:
	ReloadAssembly (800ms)
		BeginReloadAssembly (119ms)
			ExecutionOrderSort (0ms)
			DisableScriptedObjects (0ms)
			BackupInstance (0ms)
			ReleaseScriptingObjects (0ms)
			CreateAndSetChildDomain (2ms)
		EndReloadAssembly (599ms)
			LoadAssemblies (117ms)
			RebuildTransferFunctionScriptingTraits (0ms)
			SetupTypeCache (235ms)
			ReleaseScriptCaches (0ms)
			RebuildScriptCaches (35ms)
			SetupLoadedEditorAssemblies (191ms)
				LogAssemblyErrors (0ms)
				InitializePlatformSupportModulesInManaged (4ms)
				SetLoadedEditorAssemblies (0ms)
				RefreshPlugins (35ms)
				BeforeProcessingInitializeOnLoad (15ms)
				ProcessInitializeOnLoadAttributes (104ms)
				ProcessInitializeOnLoadMethodAttributes (31ms)
				AfterProcessingInitializeOnLoad (0ms)
				EditorAssembliesLoaded (0ms)
			ExecutionOrderSort2 (0ms)
			AwakeInstancesAfterBackupRestoration (0ms)
Platform modules already initialized, skipping
Registering precompiled user dll's ...
Registered in 0.002120 seconds.
Begin MonoManager ReloadAssembly
Native extension for WindowsStandalone target not found
Native extension for WebGL target not found
Refreshing native plugins compatible for Editor in 0.98 ms, found 2 plugins.
Preloading 0 native plugins for Editor in 0.00 ms.
Mono: successfully reloaded assembly
- Completed reload, in  2.116 seconds
Domain Reload Profiling:
	ReloadAssembly (2117ms)
		BeginReloadAssembly (244ms)
			ExecutionOrderSort (0ms)
			DisableScriptedObjects (8ms)
			BackupInstance (0ms)
			ReleaseScriptingObjects (0ms)
			CreateAndSetChildDomain (24ms)
		EndReloadAssembly (1754ms)
			LoadAssemblies (179ms)
			RebuildTransferFunctionScriptingTraits (0ms)
			SetupTypeCache (539ms)
			ReleaseScriptCaches (1ms)
			RebuildScriptCaches (117ms)
			SetupLoadedEditorAssemblies (653ms)
				LogAssemblyErrors (0ms)
				InitializePlatformSupportModulesInManaged (14ms)
				SetLoadedEditorAssemblies (1ms)
				RefreshPlugins (1ms)
				BeforeProcessingInitializeOnLoad (192ms)
				ProcessInitializeOnLoadAttributes (424ms)
				ProcessInitializeOnLoadMethodAttributes (15ms)
				AfterProcessingInitializeOnLoad (5ms)
				EditorAssembliesLoaded (0ms)
			ExecutionOrderSort2 (0ms)
			AwakeInstancesAfterBackupRestoration (10ms)
Platform modules already initialized, skipping
========================================================================
Worker process is ready to serve import requests
Launched and connected shader compiler UnityShaderCompiler.exe after 0.12 seconds
Refreshing native plugins compatible for Editor in 0.44 ms, found 2 plugins.
Preloading 0 native plugins for Editor in 0.00 ms.
Unloading 1572 Unused Serialized files (Serialized files now loaded: 0)
System memory in use before: 72.4 MB.
System memory in use after: 72.5 MB.

Unloading 16 unused Assets to reduce memory usage. Loaded Objects now: 2008.
Total: 4.161400 ms (FindLiveObjects: 0.223200 ms CreateObjectMapping: 0.088100 ms MarkObjects: 3.754500 ms  DeleteObjects: 0.094200 ms)

AssetImportParameters requested are different than current active one (requested -> active):
  custom:framework-win-MediaFoundation: 216162199b28c13a410421893ffa2e32 -> 
  custom:video-decoder-ogg-theora: a1e56fd34408186e4bbccfd4996cb3dc -> 
  custom:container-muxer-webm: aa71ff27fc2769a1b78a27578f13a17b -> 
  custom:container-demuxer-webm: 4f35f7cbe854078d1ac9338744f61a02 -> 
  custom:container-demuxer-ogg: 62fdf1f143b41e24485cea50d1cbac27 -> 
  custom:video-encoder-webm-vp8: eb34c28f22e8b96e1ab97ce403110664 -> 
  custom:video-decoder-webm-vp8: 9c59270c3fd7afecdb556c50c9e8de78 -> 
  custom:audio-decoder-ogg-vorbis: bf7c407c2cedff20999df2af8eb42d56 -> 
  custom:audio-encoder-webm-vorbis: bf7c407c2cedff20999df2af8eb42d56 -> 
========================================================================
Received Import Request.
  path: Assets/Scripts/ButtonHandler.cs
  artifactKey: Guid(53a2308b56c5e144593ba142138f4b08) Importer(815301076,1909f56bfc062723c751e8b465ee728b)
Start importing Assets/Scripts/ButtonHandler.cs using Guid(53a2308b56c5e144593ba142138f4b08) Importer(815301076,1909f56bfc062723c751e8b465ee728b)  -> (artifact id: '487b6b98b9b5d26de98bf86538e4f323') in 0.041188 seconds 
  Import took 0.045971 seconds .

========================================================================
Received Import Request.
  Time since last request: 38.893504 seconds.
  path: Assets/Scripts/CarReceiver.cs
  artifactKey: Guid(5d49c9d0cefc84843a29444815e80241) Importer(815301076,1909f56bfc062723c751e8b465ee728b)
Start importing Assets/Scripts/CarReceiver.cs using Guid(5d49c9d0cefc84843a29444815e80241) Importer(815301076,1909f56bfc062723c751e8b465ee728b)  -> (artifact id: '0c56e4fceeec1f92a236200d098f41e7') in 0.007914 seconds 
  Import took 0.012394 seconds .

========================================================================
Received Import Request.
  Time since last request: 0.419040 seconds.
  path: Assets/Scripts/ByteBuffer.cs
  artifactKey: Guid(0072c6eaeed4f414c83fd98a64239e7b) Importer(815301076,1909f56bfc062723c751e8b465ee728b)
Start importing Assets/Scripts/ByteBuffer.cs using Guid(0072c6eaeed4f414c83fd98a64239e7b) Importer(815301076,1909f56bfc062723c751e8b465ee728b)  -> (artifact id: '9ded62f507e94295978f0c8bff634752') in 0.008607 seconds 
  Import took 0.011673 seconds .

========================================================================
Received Import Request.
  Time since last request: 91.936697 seconds.
  path: Assets/Scripts/ByteBuffer.cs
  artifactKey: Guid(0072c6eaeed4f414c83fd98a64239e7b) Importer(815301076,1909f56bfc062723c751e8b465ee728b)
Start importing Assets/Scripts/ByteBuffer.cs using Guid(0072c6eaeed4f414c83fd98a64239e7b) Importer(815301076,1909f56bfc062723c751e8b465ee728b)  -> (artifact id: 'ea4d18cc399380be54a89fd7d2b1871a') in 0.002712 seconds 
  Import took 0.007365 seconds .

========================================================================
Received Import Request.
  Time since last request: 47.236490 seconds.
  path: Assets/Scripts/ByteBuffer.cs
  artifactKey: Guid(0072c6eaeed4f414c83fd98a64239e7b) Importer(815301076,1909f56bfc062723c751e8b465ee728b)
Start importing Assets/Scripts/ByteBuffer.cs using Guid(0072c6eaeed4f414c83fd98a64239e7b) Importer(815301076,1909f56bfc062723c751e8b465ee728b)  -> (artifact id: 'a1f980bae0faef983a8588d94cbaed88') in 0.004484 seconds 
  Import took 0.008125 seconds .

========================================================================
Received Import Request.
  Time since last request: 100.996379 seconds.
  path: Assets/Scripts/ByteBuffer.cs
  artifactKey: Guid(0072c6eaeed4f414c83fd98a64239e7b) Importer(815301076,1909f56bfc062723c751e8b465ee728b)
Start importing Assets/Scripts/ByteBuffer.cs using Guid(0072c6eaeed4f414c83fd98a64239e7b) Importer(815301076,1909f56bfc062723c751e8b465ee728b)  -> (artifact id: '94c98f19568f0170edde6398d6dbce7b') in 0.004835 seconds 
  Import took 0.008639 seconds .

========================================================================
Received Import Request.
  Time since last request: 58.396020 seconds.
  path: Assets/Scripts/ByteBuffer.cs
  artifactKey: Guid(0072c6eaeed4f414c83fd98a64239e7b) Importer(815301076,1909f56bfc062723c751e8b465ee728b)
Start importing Assets/Scripts/ByteBuffer.cs using Guid(0072c6eaeed4f414c83fd98a64239e7b) Importer(815301076,1909f56bfc062723c751e8b465ee728b)  -> (artifact id: '6d02f363766bc4ed0aafb353c9951920') in 0.005019 seconds 
  Import took 0.008808 seconds .

========================================================================
Received Import Request.
  Time since last request: 1554.051983 seconds.
  path: Assets/Scripts/ByteBuffer.cs
  artifactKey: Guid(0072c6eaeed4f414c83fd98a64239e7b) Importer(815301076,1909f56bfc062723c751e8b465ee728b)
Start importing Assets/Scripts/ByteBuffer.cs using Guid(0072c6eaeed4f414c83fd98a64239e7b) Importer(815301076,1909f56bfc062723c751e8b465ee728b)  -> (artifact id: '0a0904dc29ba072e1514abeecbff3359') in 0.004396 seconds 
  Import took 0.009630 seconds .

========================================================================
Received Prepare
Registering precompiled user dll's ...
Registered in 0.004926 seconds.
Begin MonoManager ReloadAssembly
Native extension for WindowsStandalone target not found
Native extension for WebGL target not found
Refreshing native plugins compatible for Editor in 0.33 ms, found 2 plugins.
Preloading 0 native plugins for Editor in 0.00 ms.
Mono: successfully reloaded assembly
- Completed reload, in  1.365 seconds
Domain Reload Profiling:
	ReloadAssembly (1366ms)
		BeginReloadAssembly (132ms)
			ExecutionOrderSort (0ms)
			DisableScriptedObjects (6ms)
			BackupInstance (0ms)
			ReleaseScriptingObjects (0ms)
			CreateAndSetChildDomain (40ms)
		EndReloadAssembly (1159ms)
			LoadAssemblies (111ms)
			RebuildTransferFunctionScriptingTraits (0ms)
			SetupTypeCache (402ms)
			ReleaseScriptCaches (1ms)
			RebuildScriptCaches (76ms)
			SetupLoadedEditorAssemblies (406ms)
				LogAssemblyErrors (0ms)
				InitializePlatformSupportModulesInManaged (5ms)
				SetLoadedEditorAssemblies (0ms)
				RefreshPlugins (0ms)
				BeforeProcessingInitializeOnLoad (98ms)
				ProcessInitializeOnLoadAttributes (291ms)
				ProcessInitializeOnLoadMethodAttributes (9ms)
				AfterProcessingInitializeOnLoad (2ms)
				EditorAssembliesLoaded (0ms)
			ExecutionOrderSort2 (0ms)
			AwakeInstancesAfterBackupRestoration (7ms)
Platform modules already initialized, skipping
Switching build target platform(19) subTarget(0) extendedPlatform(0) -> platform(13) subTarget(537395200) extendedPlatform(0)
Refreshing native plugins compatible for Editor in 0.36 ms, found 2 plugins.
Preloading 0 native plugins for Editor in 0.00 ms.
Unloading 1556 Unused Serialized files (Serialized files now loaded: 0)
System memory in use before: 70.8 MB.
System memory in use after: 70.9 MB.

Unloading 11 unused Assets to reduce memory usage. Loaded Objects now: 2011.
Total: 2.742900 ms (FindLiveObjects: 0.150700 ms CreateObjectMapping: 0.040000 ms MarkObjects: 2.536400 ms  DeleteObjects: 0.014600 ms)

AssetImportParameters requested are different than current active one (requested -> active):
  custom:framework-win-MediaFoundation: 216162199b28c13a410421893ffa2e32 -> 
  custom:video-decoder-ogg-theora: a1e56fd34408186e4bbccfd4996cb3dc -> 
  custom:container-muxer-webm: aa71ff27fc2769a1b78a27578f13a17b -> 
  custom:container-demuxer-webm: 4f35f7cbe854078d1ac9338744f61a02 -> 
  custom:container-demuxer-ogg: 62fdf1f143b41e24485cea50d1cbac27 -> 
  custom:video-encoder-webm-vp8: eb34c28f22e8b96e1ab97ce403110664 -> 
  custom:video-decoder-webm-vp8: 9c59270c3fd7afecdb556c50c9e8de78 -> 
  custom:graphics/normal-map-encoding: 01000000000000000000000000000000 -> 02000000000000000000000000000000
  custom:audio-decoder-ogg-vorbis: bf7c407c2cedff20999df2af8eb42d56 -> 
  custom:audio-encoder-webm-vorbis: bf7c407c2cedff20999df2af8eb42d56 -> 
========================================================================
Received Import Request.
  Time since last request: 8235.019168 seconds.
  path: Assets/Scripts/ButtonHandler.cs
  artifactKey: Guid(53a2308b56c5e144593ba142138f4b08) Importer(815301076,1909f56bfc062723c751e8b465ee728b)
Start importing Assets/Scripts/ButtonHandler.cs using Guid(53a2308b56c5e144593ba142138f4b08) Importer(815301076,1909f56bfc062723c751e8b465ee728b)  -> (artifact id: 'f10021d625130b96573034df026915d5') in 0.009594 seconds 
  Import took 0.016541 seconds .

========================================================================
Received Import Request.
  Time since last request: 10.566555 seconds.
  path: Assets/Scripts/CarReceiver.cs
  artifactKey: Guid(5d49c9d0cefc84843a29444815e80241) Importer(815301076,1909f56bfc062723c751e8b465ee728b)
Start importing Assets/Scripts/CarReceiver.cs using Guid(5d49c9d0cefc84843a29444815e80241) Importer(815301076,1909f56bfc062723c751e8b465ee728b)  -> (artifact id: 'e031e4e4b649321107f628e4bc203c39') in 0.002502 seconds 
  Import took 0.006078 seconds .

========================================================================
Received Import Request.
  Time since last request: 20.323268 seconds.
  path: Assets/Scripts/CarSend.cs
  artifactKey: Guid(6584344ee9ea8d647933636d4f803c68) Importer(815301076,1909f56bfc062723c751e8b465ee728b)
Start importing Assets/Scripts/CarSend.cs using Guid(6584344ee9ea8d647933636d4f803c68) Importer(815301076,1909f56bfc062723c751e8b465ee728b)  -> (artifact id: '6985c5411664ed1e224cd8127624b0f7') in 0.065354 seconds 
  Import took 0.087442 seconds .

========================================================================
Received Import Request.
  Time since last request: 27.258898 seconds.
  path: Assets/Scripts/CarSend.cs
  artifactKey: Guid(6584344ee9ea8d647933636d4f803c68) Importer(815301076,1909f56bfc062723c751e8b465ee728b)
Start importing Assets/Scripts/CarSend.cs using Guid(6584344ee9ea8d647933636d4f803c68) Importer(815301076,1909f56bfc062723c751e8b465ee728b)  -> (artifact id: 'cc7beac3792efaf64d797ec9824ec790') in 0.003181 seconds 
  Import took 0.006793 seconds .

========================================================================
Received Prepare
Registering precompiled user dll's ...
Registered in 0.003434 seconds.
Begin MonoManager ReloadAssembly
Native extension for WindowsStandalone target not found
Native extension for WebGL target not found
Refreshing native plugins compatible for Editor in 0.47 ms, found 2 plugins.
Preloading 0 native plugins for Editor in 0.00 ms.
Mono: successfully reloaded assembly
- Completed reload, in  1.332 seconds
Domain Reload Profiling:
	ReloadAssembly (1332ms)
		BeginReloadAssembly (128ms)
			ExecutionOrderSort (0ms)
			DisableScriptedObjects (5ms)
			BackupInstance (0ms)
			ReleaseScriptingObjects (0ms)
			CreateAndSetChildDomain (38ms)
		EndReloadAssembly (1130ms)
			LoadAssemblies (113ms)
			RebuildTransferFunctionScriptingTraits (0ms)
			SetupTypeCache (366ms)
			ReleaseScriptCaches (1ms)
			RebuildScriptCaches (73ms)
			SetupLoadedEditorAssemblies (389ms)
				LogAssemblyErrors (0ms)
				InitializePlatformSupportModulesInManaged (8ms)
				SetLoadedEditorAssemblies (1ms)
				RefreshPlugins (1ms)
				BeforeProcessingInitializeOnLoad (89ms)
				ProcessInitializeOnLoadAttributes (278ms)
				ProcessInitializeOnLoadMethodAttributes (9ms)
				AfterProcessingInitializeOnLoad (2ms)
				EditorAssembliesLoaded (0ms)
			ExecutionOrderSort2 (0ms)
			AwakeInstancesAfterBackupRestoration (7ms)
Platform modules already initialized, skipping
Switching build target platform(19) subTarget(0) extendedPlatform(0) -> platform(13) subTarget(537395200) extendedPlatform(0)
Refreshing native plugins compatible for Editor in 0.32 ms, found 2 plugins.
Preloading 0 native plugins for Editor in 0.00 ms.
Unloading 1556 Unused Serialized files (Serialized files now loaded: 0)
System memory in use before: 70.8 MB.
System memory in use after: 70.9 MB.

Unloading 11 unused Assets to reduce memory usage. Loaded Objects now: 2014.
Total: 2.873400 ms (FindLiveObjects: 0.169800 ms CreateObjectMapping: 0.046300 ms MarkObjects: 2.642200 ms  DeleteObjects: 0.014300 ms)

AssetImportParameters requested are different than current active one (requested -> active):
  custom:framework-win-MediaFoundation: 216162199b28c13a410421893ffa2e32 -> 
  custom:video-decoder-ogg-theora: a1e56fd34408186e4bbccfd4996cb3dc -> 
  custom:container-muxer-webm: aa71ff27fc2769a1b78a27578f13a17b -> 
  custom:container-demuxer-webm: 4f35f7cbe854078d1ac9338744f61a02 -> 
  custom:container-demuxer-ogg: 62fdf1f143b41e24485cea50d1cbac27 -> 
  custom:video-encoder-webm-vp8: eb34c28f22e8b96e1ab97ce403110664 -> 
  custom:video-decoder-webm-vp8: 9c59270c3fd7afecdb556c50c9e8de78 -> 
  custom:graphics/normal-map-encoding: 01000000000000000000000000000000 -> 02000000000000000000000000000000
  custom:audio-decoder-ogg-vorbis: bf7c407c2cedff20999df2af8eb42d56 -> 
  custom:audio-encoder-webm-vorbis: bf7c407c2cedff20999df2af8eb42d56 -> 
========================================================================
Received Import Request.
  Time since last request: 11.624152 seconds.
  path: Assets/Scripts/CheckConnect.cs
  artifactKey: Guid(465b05ae80426204e8f93d04b4d405b0) Importer(815301076,1909f56bfc062723c751e8b465ee728b)
Start importing Assets/Scripts/CheckConnect.cs using Guid(465b05ae80426204e8f93d04b4d405b0) Importer(815301076,1909f56bfc062723c751e8b465ee728b)  -> (artifact id: '8a1bb9703897417051706227245e7212') in 0.017147 seconds 
  Import took 0.022230 seconds .

========================================================================
Received Import Request.
  Time since last request: 0.998702 seconds.
  path: Assets/Scripts/Client.cs
  artifactKey: Guid(c36b0e54f6ab09a4593961de2a76399b) Importer(815301076,1909f56bfc062723c751e8b465ee728b)
Start importing Assets/Scripts/Client.cs using Guid(c36b0e54f6ab09a4593961de2a76399b) Importer(815301076,1909f56bfc062723c751e8b465ee728b)  -> (artifact id: 'e47149360e75e76b8df8c72ccbd66e91') in 0.008651 seconds 
  Import took 0.013239 seconds .

========================================================================
Received Import Request.
  Time since last request: 3.659434 seconds.
  path: Assets/Scripts/Movement.cs
  artifactKey: Guid(23d05ce677e76f149a25eb37017697c0) Importer(815301076,1909f56bfc062723c751e8b465ee728b)
Start importing Assets/Scripts/Movement.cs using Guid(23d05ce677e76f149a25eb37017697c0) Importer(815301076,1909f56bfc062723c751e8b465ee728b)  -> (artifact id: 'ce3b97b5863395e0a541a036f52a421f') in 0.007335 seconds 
  Import took 0.010750 seconds .

========================================================================
Received Import Request.
  Time since last request: 11.630737 seconds.
  path: Assets/Scripts/Movement.cs
  artifactKey: Guid(23d05ce677e76f149a25eb37017697c0) Importer(815301076,1909f56bfc062723c751e8b465ee728b)
Start importing Assets/Scripts/Movement.cs using Guid(23d05ce677e76f149a25eb37017697c0) Importer(815301076,1909f56bfc062723c751e8b465ee728b)  -> (artifact id: '70d6c88b36422b4978c60224070bc892') in 0.002977 seconds 
  Import took 0.007368 seconds .

========================================================================
Received Prepare
Registering precompiled user dll's ...
Registered in 0.004748 seconds.
Begin MonoManager ReloadAssembly
Native extension for WindowsStandalone target not found
Native extension for WebGL target not found
Refreshing native plugins compatible for Editor in 0.34 ms, found 2 plugins.
Preloading 0 native plugins for Editor in 0.00 ms.
Mono: successfully reloaded assembly
- Completed reload, in  1.244 seconds
Domain Reload Profiling:
	ReloadAssembly (1244ms)
		BeginReloadAssembly (141ms)
			ExecutionOrderSort (0ms)
			DisableScriptedObjects (6ms)
			BackupInstance (0ms)
			ReleaseScriptingObjects (0ms)
			CreateAndSetChildDomain (40ms)
		EndReloadAssembly (1010ms)
			LoadAssemblies (121ms)
			RebuildTransferFunctionScriptingTraits (0ms)
			SetupTypeCache (409ms)
			ReleaseScriptCaches (1ms)
			RebuildScriptCaches (69ms)
			SetupLoadedEditorAssemblies (309ms)
				LogAssemblyErrors (0ms)
				InitializePlatformSupportModulesInManaged (5ms)
				SetLoadedEditorAssemblies (1ms)
				RefreshPlugins (0ms)
				BeforeProcessingInitializeOnLoad (76ms)
				ProcessInitializeOnLoadAttributes (216ms)
				ProcessInitializeOnLoadMethodAttributes (9ms)
				AfterProcessingInitializeOnLoad (2ms)
				EditorAssembliesLoaded (0ms)
			ExecutionOrderSort2 (0ms)
			AwakeInstancesAfterBackupRestoration (7ms)
Platform modules already initialized, skipping
Switching build target platform(19) subTarget(0) extendedPlatform(0) -> platform(13) subTarget(537395200) extendedPlatform(0)
Refreshing native plugins compatible for Editor in 0.49 ms, found 2 plugins.
Preloading 0 native plugins for Editor in 0.00 ms.
Unloading 1556 Unused Serialized files (Serialized files now loaded: 0)
System memory in use before: 70.8 MB.
System memory in use after: 70.9 MB.

Unloading 11 unused Assets to reduce memory usage. Loaded Objects now: 2017.
Total: 5.589300 ms (FindLiveObjects: 0.261900 ms CreateObjectMapping: 0.095900 ms MarkObjects: 5.194000 ms  DeleteObjects: 0.036000 ms)

AssetImportParameters requested are different than current active one (requested -> active):
  custom:framework-win-MediaFoundation: 216162199b28c13a410421893ffa2e32 -> 
  custom:video-decoder-ogg-theora: a1e56fd34408186e4bbccfd4996cb3dc -> 
  custom:container-muxer-webm: aa71ff27fc2769a1b78a27578f13a17b -> 
  custom:container-demuxer-webm: 4f35f7cbe854078d1ac9338744f61a02 -> 
  custom:container-demuxer-ogg: 62fdf1f143b41e24485cea50d1cbac27 -> 
  custom:video-encoder-webm-vp8: eb34c28f22e8b96e1ab97ce403110664 -> 
  custom:video-decoder-webm-vp8: 9c59270c3fd7afecdb556c50c9e8de78 -> 
  custom:graphics/normal-map-encoding: 01000000000000000000000000000000 -> 02000000000000000000000000000000
  custom:audio-decoder-ogg-vorbis: bf7c407c2cedff20999df2af8eb42d56 -> 
  custom:audio-encoder-webm-vorbis: bf7c407c2cedff20999df2af8eb42d56 -> 
========================================================================
Received Import Request.
  Time since last request: 10.557792 seconds.
  path: Assets/Scripts/NetworkConfig.cs
  artifactKey: Guid(c0a95a3b0b8fc8d42959347bb3e8f659) Importer(815301076,1909f56bfc062723c751e8b465ee728b)
Start importing Assets/Scripts/NetworkConfig.cs using Guid(c0a95a3b0b8fc8d42959347bb3e8f659) Importer(815301076,1909f56bfc062723c751e8b465ee728b)  -> (artifact id: '685828e41660a02e1560e17493fc5c50') in 0.015182 seconds 
  Import took 0.020220 seconds .

========================================================================
Received Import Request.
  Time since last request: 3.731261 seconds.
  path: Assets/Scripts/NetworkManager.cs
  artifactKey: Guid(e3f897bd3870d2846b77aa15aafb1447) Importer(815301076,1909f56bfc062723c751e8b465ee728b)
Start importing Assets/Scripts/NetworkManager.cs using Guid(e3f897bd3870d2846b77aa15aafb1447) Importer(815301076,1909f56bfc062723c751e8b465ee728b)  -> (artifact id: 'a47b6c635fd69054918db3c699b7b354') in 0.007483 seconds 
  Import took 0.011668 seconds .

========================================================================
Received Import Request.
  Time since last request: 19.585694 seconds.
  path: Assets/Scripts/NetworkManager.cs
  artifactKey: Guid(e3f897bd3870d2846b77aa15aafb1447) Importer(815301076,1909f56bfc062723c751e8b465ee728b)
Start importing Assets/Scripts/NetworkManager.cs using Guid(e3f897bd3870d2846b77aa15aafb1447) Importer(815301076,1909f56bfc062723c751e8b465ee728b)  -> (artifact id: '4d825d2ba99d415800b50b97ce0057ee') in 0.002877 seconds 
  Import took 0.007103 seconds .

========================================================================
Received Import Request.
  Time since last request: 23.014325 seconds.
  path: Assets/Scripts/NetworkManager.cs
  artifactKey: Guid(e3f897bd3870d2846b77aa15aafb1447) Importer(815301076,1909f56bfc062723c751e8b465ee728b)
Start importing Assets/Scripts/NetworkManager.cs using Guid(e3f897bd3870d2846b77aa15aafb1447) Importer(815301076,1909f56bfc062723c751e8b465ee728b)  -> (artifact id: '9d8197a9b501e069085b77a33896e3f5') in 0.002338 seconds 
  Import took 0.005373 seconds .

========================================================================
Received Prepare
Registering precompiled user dll's ...
Registered in 0.002915 seconds.
Begin MonoManager ReloadAssembly
Native extension for WindowsStandalone target not found
Native extension for WebGL target not found
Refreshing native plugins compatible for Editor in 0.42 ms, found 2 plugins.
Preloading 0 native plugins for Editor in 0.00 ms.
Mono: successfully reloaded assembly
- Completed reload, in  1.362 seconds
Domain Reload Profiling:
	ReloadAssembly (1362ms)
		BeginReloadAssembly (141ms)
			ExecutionOrderSort (0ms)
			DisableScriptedObjects (5ms)
			BackupInstance (0ms)
			ReleaseScriptingObjects (0ms)
			CreateAndSetChildDomain (37ms)
		EndReloadAssembly (1139ms)
			LoadAssemblies (121ms)
			RebuildTransferFunctionScriptingTraits (0ms)
			SetupTypeCache (384ms)
			ReleaseScriptCaches (1ms)
			RebuildScriptCaches (83ms)
			SetupLoadedEditorAssemblies (399ms)
				LogAssemblyErrors (0ms)
				InitializePlatformSupportModulesInManaged (7ms)
				SetLoadedEditorAssemblies (1ms)
				RefreshPlugins (0ms)
				BeforeProcessingInitializeOnLoad (109ms)
				ProcessInitializeOnLoadAttributes (268ms)
				ProcessInitializeOnLoadMethodAttributes (9ms)
				AfterProcessingInitializeOnLoad (4ms)
				EditorAssembliesLoaded (0ms)
			ExecutionOrderSort2 (0ms)
			AwakeInstancesAfterBackupRestoration (8ms)
Platform modules already initialized, skipping
Switching build target platform(19) subTarget(0) extendedPlatform(0) -> platform(13) subTarget(537395200) extendedPlatform(0)
Refreshing native plugins compatible for Editor in 0.32 ms, found 2 plugins.
Preloading 0 native plugins for Editor in 0.00 ms.
Unloading 1556 Unused Serialized files (Serialized files now loaded: 0)
System memory in use before: 70.8 MB.
System memory in use after: 70.9 MB.

Unloading 11 unused Assets to reduce memory usage. Loaded Objects now: 2020.
Total: 3.240300 ms (FindLiveObjects: 0.153600 ms CreateObjectMapping: 0.039800 ms MarkObjects: 3.025100 ms  DeleteObjects: 0.020900 ms)

AssetImportParameters requested are different than current active one (requested -> active):
  custom:framework-win-MediaFoundation: 216162199b28c13a410421893ffa2e32 -> 
  custom:video-decoder-ogg-theora: a1e56fd34408186e4bbccfd4996cb3dc -> 
  custom:container-muxer-webm: aa71ff27fc2769a1b78a27578f13a17b -> 
  custom:container-demuxer-webm: 4f35f7cbe854078d1ac9338744f61a02 -> 
  custom:container-demuxer-ogg: 62fdf1f143b41e24485cea50d1cbac27 -> 
  custom:video-encoder-webm-vp8: eb34c28f22e8b96e1ab97ce403110664 -> 
  custom:video-decoder-webm-vp8: 9c59270c3fd7afecdb556c50c9e8de78 -> 
  custom:graphics/normal-map-encoding: 01000000000000000000000000000000 -> 02000000000000000000000000000000
  custom:audio-decoder-ogg-vorbis: bf7c407c2cedff20999df2af8eb42d56 -> 
  custom:audio-encoder-webm-vorbis: bf7c407c2cedff20999df2af8eb42d56 -> 
========================================================================
Received Import Request.
  Time since last request: 15.104016 seconds.
  path: Assets/Scripts/NetworkReceive.cs
  artifactKey: Guid(247c519e84f27ea4092aade90c669d70) Importer(815301076,1909f56bfc062723c751e8b465ee728b)
Start importing Assets/Scripts/NetworkReceive.cs using Guid(247c519e84f27ea4092aade90c669d70) Importer(815301076,1909f56bfc062723c751e8b465ee728b)  -> (artifact id: '7f5027ea553b78a51e32331b2e3d5750') in 0.015175 seconds 
  Import took 0.023536 seconds .

========================================================================
Received Import Request.
  Time since last request: 0.910415 seconds.
  path: Assets/Scripts/NetworkSend.cs
  artifactKey: Guid(94dfe15d9a5e0434089d65e3037c5f8c) Importer(815301076,1909f56bfc062723c751e8b465ee728b)
Start importing Assets/Scripts/NetworkSend.cs using Guid(94dfe15d9a5e0434089d65e3037c5f8c) Importer(815301076,1909f56bfc062723c751e8b465ee728b)  -> (artifact id: '43a08b3cce82dfc005294bb50e3f42b3') in 0.005644 seconds 
  Import took 0.009343 seconds .

========================================================================
Received Import Request.
  Time since last request: 4.364399 seconds.
  path: Assets/Scripts/RouteChecker.cs
  artifactKey: Guid(40133b2700df42241977c7fcec184607) Importer(815301076,1909f56bfc062723c751e8b465ee728b)
Start importing Assets/Scripts/RouteChecker.cs using Guid(40133b2700df42241977c7fcec184607) Importer(815301076,1909f56bfc062723c751e8b465ee728b)  -> (artifact id: '165614d4f249396f4fa054acd9209f48') in 0.007494 seconds 
  Import took 0.011344 seconds .

========================================================================
Received Import Request.
  Time since last request: 7.120371 seconds.
  path: Assets/Scripts/Server.cs
  artifactKey: Guid(e9a9f118cdebe924292b585567a65fa5) Importer(815301076,1909f56bfc062723c751e8b465ee728b)
Start importing Assets/Scripts/Server.cs using Guid(e9a9f118cdebe924292b585567a65fa5) Importer(815301076,1909f56bfc062723c751e8b465ee728b)  -> (artifact id: '4a74c295d554aa22f7bc8bd71caf1adb') in 0.009350 seconds 
  Import took 0.013383 seconds .

========================================================================
Received Import Request.
  Time since last request: 3.540817 seconds.
  path: Assets/Scripts/UnityThread.cs
  artifactKey: Guid(8d7b2757c2aeb534ba6d8910d5e22ce2) Importer(815301076,1909f56bfc062723c751e8b465ee728b)
Start importing Assets/Scripts/UnityThread.cs using Guid(8d7b2757c2aeb534ba6d8910d5e22ce2) Importer(815301076,1909f56bfc062723c751e8b465ee728b)  -> (artifact id: '8e561922de6aee578fe1ec09a2147597') in 0.007779 seconds 
  Import took 0.011209 seconds .

========================================================================
Received Import Request.
  Time since last request: 44.932467 seconds.
  path: Assets/Scripts/UnityThread.cs
  artifactKey: Guid(8d7b2757c2aeb534ba6d8910d5e22ce2) Importer(815301076,1909f56bfc062723c751e8b465ee728b)
Start importing Assets/Scripts/UnityThread.cs using Guid(8d7b2757c2aeb534ba6d8910d5e22ce2) Importer(815301076,1909f56bfc062723c751e8b465ee728b)  -> (artifact id: 'd91f70b0f92fb66ec51b4a5b3166c385') in 0.002403 seconds 
  Import took 0.005703 seconds .

========================================================================
Received Import Request.
  Time since last request: 7.082913 seconds.
  path: Assets/Scripts/UnityThread.cs
  artifactKey: Guid(8d7b2757c2aeb534ba6d8910d5e22ce2) Importer(815301076,1909f56bfc062723c751e8b465ee728b)
Start importing Assets/Scripts/UnityThread.cs using Guid(8d7b2757c2aeb534ba6d8910d5e22ce2) Importer(815301076,1909f56bfc062723c751e8b465ee728b)  -> (artifact id: '2f517a01736e18b22db44e2b094f08f9') in 0.002593 seconds 
  Import took 0.006503 seconds .

========================================================================
Received Import Request.
  Time since last request: 8.827202 seconds.
  path: Assets/Scripts/UnityThread.cs
  artifactKey: Guid(8d7b2757c2aeb534ba6d8910d5e22ce2) Importer(815301076,1909f56bfc062723c751e8b465ee728b)
Start importing Assets/Scripts/UnityThread.cs using Guid(8d7b2757c2aeb534ba6d8910d5e22ce2) Importer(815301076,1909f56bfc062723c751e8b465ee728b)  -> (artifact id: 'd9b003b05f2e3dbdc9e23461bb888875') in 0.002574 seconds 
  Import took 0.006490 seconds .

========================================================================
Received Import Request.
  Time since last request: 9.931439 seconds.
  path: Assets/Scripts/UnityThread.cs
  artifactKey: Guid(8d7b2757c2aeb534ba6d8910d5e22ce2) Importer(815301076,1909f56bfc062723c751e8b465ee728b)
Start importing Assets/Scripts/UnityThread.cs using Guid(8d7b2757c2aeb534ba6d8910d5e22ce2) Importer(815301076,1909f56bfc062723c751e8b465ee728b)  -> (artifact id: '31672f0d7d6c85639cec25e08d45dcf3') in 0.002562 seconds 
  Import took 0.005852 seconds .

========================================================================
Received Import Request.
  Time since last request: 11.211806 seconds.
  path: Assets/Scripts/UnityThread.cs
  artifactKey: Guid(8d7b2757c2aeb534ba6d8910d5e22ce2) Importer(815301076,1909f56bfc062723c751e8b465ee728b)
Start importing Assets/Scripts/UnityThread.cs using Guid(8d7b2757c2aeb534ba6d8910d5e22ce2) Importer(815301076,1909f56bfc062723c751e8b465ee728b)  -> (artifact id: '173e54de2c50ac6190488b2a7290ea00') in 0.002853 seconds 
  Import took 0.006692 seconds .

========================================================================
Received Import Request.
  Time since last request: 12.076591 seconds.
  path: Assets/Scripts/UnityThread.cs
  artifactKey: Guid(8d7b2757c2aeb534ba6d8910d5e22ce2) Importer(815301076,1909f56bfc062723c751e8b465ee728b)
Start importing Assets/Scripts/UnityThread.cs using Guid(8d7b2757c2aeb534ba6d8910d5e22ce2) Importer(815301076,1909f56bfc062723c751e8b465ee728b)  -> (artifact id: '3303dfae7214e5d182a707d827b3f970') in 0.003386 seconds 
  Import took 0.006846 seconds .

========================================================================
Received Import Request.
  Time since last request: 9.121878 seconds.
  path: Assets/Scripts/UnityThread.cs
  artifactKey: Guid(8d7b2757c2aeb534ba6d8910d5e22ce2) Importer(815301076,1909f56bfc062723c751e8b465ee728b)
Start importing Assets/Scripts/UnityThread.cs using Guid(8d7b2757c2aeb534ba6d8910d5e22ce2) Importer(815301076,1909f56bfc062723c751e8b465ee728b)  -> (artifact id: 'f92705596bed2045c44fedf68b9379f3') in 0.002530 seconds 
  Import took 0.006396 seconds .

========================================================================
Received Import Request.
  Time since last request: 49.603427 seconds.
  path: Assets/Scripts/UnityThread.cs
  artifactKey: Guid(8d7b2757c2aeb534ba6d8910d5e22ce2) Importer(815301076,1909f56bfc062723c751e8b465ee728b)
Start importing Assets/Scripts/UnityThread.cs using Guid(8d7b2757c2aeb534ba6d8910d5e22ce2) Importer(815301076,1909f56bfc062723c751e8b465ee728b)  -> (artifact id: '5b3e0a5383aa54eeb4f4d4107a5e71b1') in 0.003314 seconds 
  Import took 0.007984 seconds .

========================================================================
Received Import Request.
  Time since last request: 7.324655 seconds.
  path: Assets/Scripts/UnityThread.cs
  artifactKey: Guid(8d7b2757c2aeb534ba6d8910d5e22ce2) Importer(815301076,1909f56bfc062723c751e8b465ee728b)
Start importing Assets/Scripts/UnityThread.cs using Guid(8d7b2757c2aeb534ba6d8910d5e22ce2) Importer(815301076,1909f56bfc062723c751e8b465ee728b)  -> (artifact id: '66108b3b394eaf7c4d512ce3e5f5397f') in 0.002647 seconds 
  Import took 0.005951 seconds .

========================================================================
Received Import Request.
  Time since last request: 48.257634 seconds.
  path: Assets/Scripts/UnityThread.cs
  artifactKey: Guid(8d7b2757c2aeb534ba6d8910d5e22ce2) Importer(815301076,1909f56bfc062723c751e8b465ee728b)
Start importing Assets/Scripts/UnityThread.cs using Guid(8d7b2757c2aeb534ba6d8910d5e22ce2) Importer(815301076,1909f56bfc062723c751e8b465ee728b)  -> (artifact id: '9f16a91259208b5920b0c87379806132') in 0.002568 seconds 
  Import took 0.006517 seconds .

========================================================================
Received Import Request.
  Time since last request: 19.589262 seconds.
  path: Assets/Scripts/UnityThread.cs
  artifactKey: Guid(8d7b2757c2aeb534ba6d8910d5e22ce2) Importer(815301076,1909f56bfc062723c751e8b465ee728b)
Start importing Assets/Scripts/UnityThread.cs using Guid(8d7b2757c2aeb534ba6d8910d5e22ce2) Importer(815301076,1909f56bfc062723c751e8b465ee728b)  -> (artifact id: 'f83e2de901a2a09e678a8e26475de83c') in 0.002809 seconds 
  Import took 0.006125 seconds .

========================================================================
Received Import Request.
  Time since last request: 21.911380 seconds.
  path: Assets/Scripts/UnityThread.cs
  artifactKey: Guid(8d7b2757c2aeb534ba6d8910d5e22ce2) Importer(815301076,1909f56bfc062723c751e8b465ee728b)
Start importing Assets/Scripts/UnityThread.cs using Guid(8d7b2757c2aeb534ba6d8910d5e22ce2) Importer(815301076,1909f56bfc062723c751e8b465ee728b)  -> (artifact id: '75eafb6293449dad5b93e95afb959bb6') in 0.002714 seconds 
  Import took 0.006394 seconds .

========================================================================
Received Import Request.
  Time since last request: 20.723581 seconds.
  path: Assets/Scripts/UnityThread.cs
  artifactKey: Guid(8d7b2757c2aeb534ba6d8910d5e22ce2) Importer(815301076,1909f56bfc062723c751e8b465ee728b)
Start importing Assets/Scripts/UnityThread.cs using Guid(8d7b2757c2aeb534ba6d8910d5e22ce2) Importer(815301076,1909f56bfc062723c751e8b465ee728b)  -> (artifact id: 'e03e526a78fcadf0f7a4a2e6e6675a0b') in 0.002654 seconds 
  Import took 0.006536 seconds .

========================================================================
Received Prepare
Registering precompiled user dll's ...
Registered in 0.003116 seconds.
Begin MonoManager ReloadAssembly
Native extension for WindowsStandalone target not found
Native extension for WebGL target not found
Refreshing native plugins compatible for Editor in 0.36 ms, found 2 plugins.
Preloading 0 native plugins for Editor in 0.00 ms.
Mono: successfully reloaded assembly
- Completed reload, in  1.158 seconds
Domain Reload Profiling:
	ReloadAssembly (1159ms)
		BeginReloadAssembly (131ms)
			ExecutionOrderSort (0ms)
			DisableScriptedObjects (7ms)
			BackupInstance (0ms)
			ReleaseScriptingObjects (0ms)
			CreateAndSetChildDomain (36ms)
		EndReloadAssembly (950ms)
			LoadAssemblies (109ms)
			RebuildTransferFunctionScriptingTraits (0ms)
			SetupTypeCache (369ms)
			ReleaseScriptCaches (1ms)
			RebuildScriptCaches (68ms)
			SetupLoadedEditorAssemblies (294ms)
				LogAssemblyErrors (0ms)
				InitializePlatformSupportModulesInManaged (5ms)
				SetLoadedEditorAssemblies (1ms)
				RefreshPlugins (0ms)
				BeforeProcessingInitializeOnLoad (73ms)
				ProcessInitializeOnLoadAttributes (204ms)
				ProcessInitializeOnLoadMethodAttributes (9ms)
				AfterProcessingInitializeOnLoad (3ms)
				EditorAssembliesLoaded (0ms)
			ExecutionOrderSort2 (0ms)
			AwakeInstancesAfterBackupRestoration (7ms)
Platform modules already initialized, skipping
Switching build target platform(19) subTarget(0) extendedPlatform(0) -> platform(13) subTarget(537395200) extendedPlatform(0)
Refreshing native plugins compatible for Editor in 0.51 ms, found 2 plugins.
Preloading 0 native plugins for Editor in 0.00 ms.
Unloading 1556 Unused Serialized files (Serialized files now loaded: 0)
System memory in use before: 70.8 MB.
System memory in use after: 71.0 MB.

Unloading 11 unused Assets to reduce memory usage. Loaded Objects now: 2023.
Total: 2.870600 ms (FindLiveObjects: 0.168300 ms CreateObjectMapping: 0.045200 ms MarkObjects: 2.640600 ms  DeleteObjects: 0.015100 ms)

AssetImportParameters requested are different than current active one (requested -> active):
  custom:framework-win-MediaFoundation: 216162199b28c13a410421893ffa2e32 -> 
  custom:video-decoder-ogg-theora: a1e56fd34408186e4bbccfd4996cb3dc -> 
  custom:container-muxer-webm: aa71ff27fc2769a1b78a27578f13a17b -> 
  custom:container-demuxer-webm: 4f35f7cbe854078d1ac9338744f61a02 -> 
  custom:container-demuxer-ogg: 62fdf1f143b41e24485cea50d1cbac27 -> 
  custom:video-encoder-webm-vp8: eb34c28f22e8b96e1ab97ce403110664 -> 
  custom:video-decoder-webm-vp8: 9c59270c3fd7afecdb556c50c9e8de78 -> 
  custom:graphics/normal-map-encoding: 01000000000000000000000000000000 -> 02000000000000000000000000000000
  custom:audio-decoder-ogg-vorbis: bf7c407c2cedff20999df2af8eb42d56 -> 
  custom:audio-encoder-webm-vorbis: bf7c407c2cedff20999df2af8eb42d56 -> 
========================================================================
Received Prepare
Registering precompiled user dll's ...
Registered in 0.002110 seconds.
Begin MonoManager ReloadAssembly
Native extension for WindowsStandalone target not found
Native extension for WebGL target not found
Refreshing native plugins compatible for Editor in 0.31 ms, found 2 plugins.
Preloading 0 native plugins for Editor in 0.00 ms.
Mono: successfully reloaded assembly
- Completed reload, in  0.957 seconds
Domain Reload Profiling:
	ReloadAssembly (957ms)
		BeginReloadAssembly (102ms)
			ExecutionOrderSort (0ms)
			DisableScriptedObjects (5ms)
			BackupInstance (0ms)
			ReleaseScriptingObjects (0ms)
			CreateAndSetChildDomain (31ms)
		EndReloadAssembly (791ms)
			LoadAssemblies (87ms)
			RebuildTransferFunctionScriptingTraits (0ms)
			SetupTypeCache (290ms)
			ReleaseScriptCaches (1ms)
			RebuildScriptCaches (36ms)
			SetupLoadedEditorAssemblies (272ms)
				LogAssemblyErrors (0ms)
				InitializePlatformSupportModulesInManaged (4ms)
				SetLoadedEditorAssemblies (0ms)
				RefreshPlugins (0ms)
				BeforeProcessingInitializeOnLoad (66ms)
				ProcessInitializeOnLoadAttributes (190ms)
				ProcessInitializeOnLoadMethodAttributes (9ms)
				AfterProcessingInitializeOnLoad (3ms)
				EditorAssembliesLoaded (0ms)
			ExecutionOrderSort2 (0ms)
			AwakeInstancesAfterBackupRestoration (7ms)
Platform modules already initialized, skipping
Switching build target platform(19) subTarget(0) extendedPlatform(0) -> platform(13) subTarget(537395200) extendedPlatform(0)
Refreshing native plugins compatible for Editor in 0.48 ms, found 2 plugins.
Preloading 0 native plugins for Editor in 0.00 ms.
Unloading 1556 Unused Serialized files (Serialized files now loaded: 0)
System memory in use before: 70.8 MB.
System memory in use after: 71.0 MB.

Unloading 11 unused Assets to reduce memory usage. Loaded Objects now: 2026.
Total: 2.725600 ms (FindLiveObjects: 0.151400 ms CreateObjectMapping: 0.058500 ms MarkObjects: 2.499500 ms  DeleteObjects: 0.015200 ms)

AssetImportParameters requested are different than current active one (requested -> active):
  custom:framework-win-MediaFoundation: 216162199b28c13a410421893ffa2e32 -> 
  custom:video-decoder-ogg-theora: a1e56fd34408186e4bbccfd4996cb3dc -> 
  custom:container-muxer-webm: aa71ff27fc2769a1b78a27578f13a17b -> 
  custom:container-demuxer-webm: 4f35f7cbe854078d1ac9338744f61a02 -> 
  custom:container-demuxer-ogg: 62fdf1f143b41e24485cea50d1cbac27 -> 
  custom:video-encoder-webm-vp8: eb34c28f22e8b96e1ab97ce403110664 -> 
  custom:video-decoder-webm-vp8: 9c59270c3fd7afecdb556c50c9e8de78 -> 
  custom:graphics/normal-map-encoding: 01000000000000000000000000000000 -> 02000000000000000000000000000000
  custom:audio-decoder-ogg-vorbis: bf7c407c2cedff20999df2af8eb42d56 -> 
  custom:audio-encoder-webm-vorbis: bf7c407c2cedff20999df2af8eb42d56 -> 
========================================================================
Received Prepare
Registering precompiled user dll's ...
Registered in 0.002081 seconds.
Begin MonoManager ReloadAssembly
Native extension for WindowsStandalone target not found
Native extension for WebGL target not found
Refreshing native plugins compatible for Editor in 0.32 ms, found 2 plugins.
Preloading 0 native plugins for Editor in 0.00 ms.
Mono: successfully reloaded assembly
- Completed reload, in  1.236 seconds
Domain Reload Profiling:
	ReloadAssembly (1237ms)
		BeginReloadAssembly (126ms)
			ExecutionOrderSort (0ms)
			DisableScriptedObjects (5ms)
			BackupInstance (0ms)
			ReleaseScriptingObjects (0ms)
			CreateAndSetChildDomain (31ms)
		EndReloadAssembly (1032ms)
			LoadAssemblies (119ms)
			RebuildTransferFunctionScriptingTraits (0ms)
			SetupTypeCache (345ms)
			ReleaseScriptCaches (1ms)
			RebuildScriptCaches (43ms)
			SetupLoadedEditorAssemblies (384ms)
				LogAssemblyErrors (0ms)
				InitializePlatformSupportModulesInManaged (5ms)
				SetLoadedEditorAssemblies (1ms)
				RefreshPlugins (0ms)
				BeforeProcessingInitializeOnLoad (76ms)
				ProcessInitializeOnLoadAttributes (282ms)
				ProcessInitializeOnLoadMethodAttributes (14ms)
				AfterProcessingInitializeOnLoad (6ms)
				EditorAssembliesLoaded (0ms)
			ExecutionOrderSort2 (0ms)
			AwakeInstancesAfterBackupRestoration (20ms)
Platform modules already initialized, skipping
Switching build target platform(19) subTarget(0) extendedPlatform(0) -> platform(13) subTarget(537395200) extendedPlatform(0)
Refreshing native plugins compatible for Editor in 0.49 ms, found 2 plugins.
Preloading 0 native plugins for Editor in 0.00 ms.
Unloading 1556 Unused Serialized files (Serialized files now loaded: 0)
System memory in use before: 70.9 MB.
System memory in use after: 71.0 MB.

Unloading 11 unused Assets to reduce memory usage. Loaded Objects now: 2029.
Total: 4.772200 ms (FindLiveObjects: 0.204900 ms CreateObjectMapping: 0.083600 ms MarkObjects: 4.452600 ms  DeleteObjects: 0.029500 ms)

AssetImportParameters requested are different than current active one (requested -> active):
  custom:framework-win-MediaFoundation: 216162199b28c13a410421893ffa2e32 -> 
  custom:video-decoder-ogg-theora: a1e56fd34408186e4bbccfd4996cb3dc -> 
  custom:container-muxer-webm: aa71ff27fc2769a1b78a27578f13a17b -> 
  custom:container-demuxer-webm: 4f35f7cbe854078d1ac9338744f61a02 -> 
  custom:container-demuxer-ogg: 62fdf1f143b41e24485cea50d1cbac27 -> 
  custom:video-encoder-webm-vp8: eb34c28f22e8b96e1ab97ce403110664 -> 
  custom:video-decoder-webm-vp8: 9c59270c3fd7afecdb556c50c9e8de78 -> 
  custom:graphics/normal-map-encoding: 01000000000000000000000000000000 -> 02000000000000000000000000000000
  custom:audio-decoder-ogg-vorbis: bf7c407c2cedff20999df2af8eb42d56 -> 
  custom:audio-encoder-webm-vorbis: bf7c407c2cedff20999df2af8eb42d56 -> 
========================================================================
Received Prepare
Registering precompiled user dll's ...
Registered in 0.001982 seconds.
Begin MonoManager ReloadAssembly
Native extension for WindowsStandalone target not found
Native extension for WebGL target not found
Refreshing native plugins compatible for Editor in 0.32 ms, found 2 plugins.
Preloading 0 native plugins for Editor in 0.00 ms.
Mono: successfully reloaded assembly
- Completed reload, in  0.982 seconds
Domain Reload Profiling:
	ReloadAssembly (983ms)
		BeginReloadAssembly (119ms)
			ExecutionOrderSort (0ms)
			DisableScriptedObjects (5ms)
			BackupInstance (0ms)
			ReleaseScriptingObjects (0ms)
			CreateAndSetChildDomain (29ms)
		EndReloadAssembly (797ms)
			LoadAssemblies (97ms)
			RebuildTransferFunctionScriptingTraits (0ms)
			SetupTypeCache (306ms)
			ReleaseScriptCaches (1ms)
			RebuildScriptCaches (37ms)
			SetupLoadedEditorAssemblies (259ms)
				LogAssemblyErrors (0ms)
				InitializePlatformSupportModulesInManaged (5ms)
				SetLoadedEditorAssemblies (0ms)
				RefreshPlugins (0ms)
				BeforeProcessingInitializeOnLoad (64ms)
				ProcessInitializeOnLoadAttributes (178ms)
				ProcessInitializeOnLoadMethodAttributes (8ms)
				AfterProcessingInitializeOnLoad (2ms)
				EditorAssembliesLoaded (0ms)
			ExecutionOrderSort2 (0ms)
			AwakeInstancesAfterBackupRestoration (6ms)
Platform modules already initialized, skipping
Switching build target platform(19) subTarget(0) extendedPlatform(0) -> platform(13) subTarget(537395200) extendedPlatform(0)
Refreshing native plugins compatible for Editor in 0.33 ms, found 2 plugins.
Preloading 0 native plugins for Editor in 0.00 ms.
Unloading 1556 Unused Serialized files (Serialized files now loaded: 0)
System memory in use before: 70.9 MB.
System memory in use after: 71.0 MB.

Unloading 11 unused Assets to reduce memory usage. Loaded Objects now: 2032.
Total: 2.716000 ms (FindLiveObjects: 0.146600 ms CreateObjectMapping: 0.048400 ms MarkObjects: 2.504800 ms  DeleteObjects: 0.015300 ms)

AssetImportParameters requested are different than current active one (requested -> active):
  custom:framework-win-MediaFoundation: 216162199b28c13a410421893ffa2e32 -> 
  custom:video-decoder-ogg-theora: a1e56fd34408186e4bbccfd4996cb3dc -> 
  custom:container-muxer-webm: aa71ff27fc2769a1b78a27578f13a17b -> 
  custom:container-demuxer-webm: 4f35f7cbe854078d1ac9338744f61a02 -> 
  custom:container-demuxer-ogg: 62fdf1f143b41e24485cea50d1cbac27 -> 
  custom:video-encoder-webm-vp8: eb34c28f22e8b96e1ab97ce403110664 -> 
  custom:video-decoder-webm-vp8: 9c59270c3fd7afecdb556c50c9e8de78 -> 
  custom:graphics/normal-map-encoding: 01000000000000000000000000000000 -> 02000000000000000000000000000000
  custom:audio-decoder-ogg-vorbis: bf7c407c2cedff20999df2af8eb42d56 -> 
  custom:audio-encoder-webm-vorbis: bf7c407c2cedff20999df2af8eb42d56 -> 
========================================================================
Received Prepare
Registering precompiled user dll's ...
Registered in 0.002312 seconds.
Begin MonoManager ReloadAssembly
Native extension for WindowsStandalone target not found
Native extension for WebGL target not found
Refreshing native plugins compatible for Editor in 0.39 ms, found 2 plugins.
Preloading 0 native plugins for Editor in 0.00 ms.
Mono: successfully reloaded assembly
- Completed reload, in  1.284 seconds
Domain Reload Profiling:
	ReloadAssembly (1285ms)
		BeginReloadAssembly (142ms)
			ExecutionOrderSort (0ms)
			DisableScriptedObjects (5ms)
			BackupInstance (0ms)
			ReleaseScriptingObjects (0ms)
			CreateAndSetChildDomain (37ms)
		EndReloadAssembly (1053ms)
			LoadAssemblies (119ms)
			RebuildTransferFunctionScriptingTraits (0ms)
			SetupTypeCache (403ms)
			ReleaseScriptCaches (1ms)
			RebuildScriptCaches (60ms)
			SetupLoadedEditorAssemblies (312ms)
				LogAssemblyErrors (0ms)
				InitializePlatformSupportModulesInManaged (6ms)
				SetLoadedEditorAssemblies (1ms)
				RefreshPlugins (0ms)
				BeforeProcessingInitializeOnLoad (78ms)
				ProcessInitializeOnLoadAttributes (216ms)
				ProcessInitializeOnLoadMethodAttributes (8ms)
				AfterProcessingInitializeOnLoad (2ms)
				EditorAssembliesLoaded (0ms)
			ExecutionOrderSort2 (0ms)
			AwakeInstancesAfterBackupRestoration (7ms)
Platform modules already initialized, skipping
Switching build target platform(19) subTarget(0) extendedPlatform(0) -> platform(13) subTarget(537395200) extendedPlatform(0)
Refreshing native plugins compatible for Editor in 0.35 ms, found 2 plugins.
Preloading 0 native plugins for Editor in 0.00 ms.
Unloading 1556 Unused Serialized files (Serialized files now loaded: 0)
System memory in use before: 70.9 MB.
System memory in use after: 71.0 MB.

Unloading 11 unused Assets to reduce memory usage. Loaded Objects now: 2035.
Total: 5.391600 ms (FindLiveObjects: 0.195100 ms CreateObjectMapping: 0.071100 ms MarkObjects: 5.104300 ms  DeleteObjects: 0.019300 ms)

AssetImportParameters requested are different than current active one (requested -> active):
  custom:framework-win-MediaFoundation: 216162199b28c13a410421893ffa2e32 -> 
  custom:video-decoder-ogg-theora: a1e56fd34408186e4bbccfd4996cb3dc -> 
  custom:container-muxer-webm: aa71ff27fc2769a1b78a27578f13a17b -> 
  custom:container-demuxer-webm: 4f35f7cbe854078d1ac9338744f61a02 -> 
  custom:container-demuxer-ogg: 62fdf1f143b41e24485cea50d1cbac27 -> 
  custom:video-encoder-webm-vp8: eb34c28f22e8b96e1ab97ce403110664 -> 
  custom:video-decoder-webm-vp8: 9c59270c3fd7afecdb556c50c9e8de78 -> 
  custom:graphics/normal-map-encoding: 01000000000000000000000000000000 -> 02000000000000000000000000000000
  custom:audio-decoder-ogg-vorbis: bf7c407c2cedff20999df2af8eb42d56 -> 
  custom:audio-encoder-webm-vorbis: bf7c407c2cedff20999df2af8eb42d56 -> 
========================================================================
Received Prepare
Registering precompiled user dll's ...
Registered in 0.002595 seconds.
Begin MonoManager ReloadAssembly
Native extension for WindowsStandalone target not found
Native extension for WebGL target not found
Refreshing native plugins compatible for Editor in 0.36 ms, found 2 plugins.
Preloading 0 native plugins for Editor in 0.00 ms.
Mono: successfully reloaded assembly
- Completed reload, in  1.295 seconds
Domain Reload Profiling:
	ReloadAssembly (1295ms)
		BeginReloadAssembly (122ms)
			ExecutionOrderSort (0ms)
			DisableScriptedObjects (6ms)
			BackupInstance (0ms)
			ReleaseScriptingObjects (0ms)
			CreateAndSetChildDomain (36ms)
		EndReloadAssembly (1103ms)
			LoadAssemblies (105ms)
			RebuildTransferFunctionScriptingTraits (0ms)
			SetupTypeCache (381ms)
			ReleaseScriptCaches (1ms)
			RebuildScriptCaches (61ms)
			SetupLoadedEditorAssemblies (336ms)
				LogAssemblyErrors (0ms)
				InitializePlatformSupportModulesInManaged (5ms)
				SetLoadedEditorAssemblies (1ms)
				RefreshPlugins (0ms)
				BeforeProcessingInitializeOnLoad (77ms)
				ProcessInitializeOnLoadAttributes (239ms)
				ProcessInitializeOnLoadMethodAttributes (12ms)
				AfterProcessingInitializeOnLoad (3ms)
				EditorAssembliesLoaded (0ms)
			ExecutionOrderSort2 (0ms)
			AwakeInstancesAfterBackupRestoration (10ms)
Platform modules already initialized, skipping
Switching build target platform(19) subTarget(0) extendedPlatform(0) -> platform(13) subTarget(537395200) extendedPlatform(0)
Refreshing native plugins compatible for Editor in 0.40 ms, found 2 plugins.
Preloading 0 native plugins for Editor in 0.00 ms.
Unloading 1556 Unused Serialized files (Serialized files now loaded: 0)
System memory in use before: 70.9 MB.
System memory in use after: 71.0 MB.

Unloading 11 unused Assets to reduce memory usage. Loaded Objects now: 2038.
Total: 3.335900 ms (FindLiveObjects: 0.169100 ms CreateObjectMapping: 0.057500 ms MarkObjects: 3.088600 ms  DeleteObjects: 0.019500 ms)

AssetImportParameters requested are different than current active one (requested -> active):
  custom:framework-win-MediaFoundation: 216162199b28c13a410421893ffa2e32 -> 
  custom:video-decoder-ogg-theora: a1e56fd34408186e4bbccfd4996cb3dc -> 
  custom:container-muxer-webm: aa71ff27fc2769a1b78a27578f13a17b -> 
  custom:container-demuxer-webm: 4f35f7cbe854078d1ac9338744f61a02 -> 
  custom:container-demuxer-ogg: 62fdf1f143b41e24485cea50d1cbac27 -> 
  custom:video-encoder-webm-vp8: eb34c28f22e8b96e1ab97ce403110664 -> 
  custom:video-decoder-webm-vp8: 9c59270c3fd7afecdb556c50c9e8de78 -> 
  custom:graphics/normal-map-encoding: 01000000000000000000000000000000 -> 02000000000000000000000000000000
  custom:audio-decoder-ogg-vorbis: bf7c407c2cedff20999df2af8eb42d56 -> 
  custom:audio-encoder-webm-vorbis: bf7c407c2cedff20999df2af8eb42d56 -> 
========================================================================
Received Import Request.
  Time since last request: 1173.294252 seconds.
  path: Assets/Scripts/CarSend.cs
  artifactKey: Guid(6584344ee9ea8d647933636d4f803c68) Importer(815301076,1909f56bfc062723c751e8b465ee728b)
Start importing Assets/Scripts/CarSend.cs using Guid(6584344ee9ea8d647933636d4f803c68) Importer(815301076,1909f56bfc062723c751e8b465ee728b)  -> (artifact id: 'd4ee351d44b31f811b833ba768487f27') in 0.004251 seconds 
  Import took 0.007325 seconds .

========================================================================
Received Import Request.
  Time since last request: 144.846655 seconds.
  path: Assets/Scripts/CarSend.cs
  artifactKey: Guid(6584344ee9ea8d647933636d4f803c68) Importer(815301076,1909f56bfc062723c751e8b465ee728b)
Start importing Assets/Scripts/CarSend.cs using Guid(6584344ee9ea8d647933636d4f803c68) Importer(815301076,1909f56bfc062723c751e8b465ee728b)  -> (artifact id: 'e5910689e879baf919ad138b494569e1') in 0.002856 seconds 
  Import took 0.006774 seconds .

========================================================================
Received Import Request.
  Time since last request: 21.093993 seconds.
  path: Assets/Scripts/CarSend.cs
  artifactKey: Guid(6584344ee9ea8d647933636d4f803c68) Importer(815301076,1909f56bfc062723c751e8b465ee728b)
Start importing Assets/Scripts/CarSend.cs using Guid(6584344ee9ea8d647933636d4f803c68) Importer(815301076,1909f56bfc062723c751e8b465ee728b)  -> (artifact id: 'c985ca641783f4730ef3328540d29d7a') in 0.002260 seconds 
  Import took 0.005378 seconds .

========================================================================
Received Prepare
Registering precompiled user dll's ...
Registered in 0.004171 seconds.
Begin MonoManager ReloadAssembly
Native extension for WindowsStandalone target not found
Native extension for WebGL target not found
Refreshing native plugins compatible for Editor in 0.38 ms, found 2 plugins.
Preloading 0 native plugins for Editor in 0.00 ms.
Mono: successfully reloaded assembly
- Completed reload, in  1.259 seconds
Domain Reload Profiling:
	ReloadAssembly (1259ms)
		BeginReloadAssembly (130ms)
			ExecutionOrderSort (0ms)
			DisableScriptedObjects (6ms)
			BackupInstance (0ms)
			ReleaseScriptingObjects (0ms)
			CreateAndSetChildDomain (36ms)
		EndReloadAssembly (1044ms)
			LoadAssemblies (113ms)
			RebuildTransferFunctionScriptingTraits (0ms)
			SetupTypeCache (389ms)
			ReleaseScriptCaches (1ms)
			RebuildScriptCaches (80ms)
			SetupLoadedEditorAssemblies (302ms)
				LogAssemblyErrors (0ms)
				InitializePlatformSupportModulesInManaged (5ms)
				SetLoadedEditorAssemblies (1ms)
				RefreshPlugins (0ms)
				BeforeProcessingInitializeOnLoad (74ms)
				ProcessInitializeOnLoadAttributes (209ms)
				ProcessInitializeOnLoadMethodAttributes (10ms)
				AfterProcessingInitializeOnLoad (3ms)
				EditorAssembliesLoaded (0ms)
			ExecutionOrderSort2 (0ms)
			AwakeInstancesAfterBackupRestoration (9ms)
Platform modules already initialized, skipping
Switching build target platform(19) subTarget(0) extendedPlatform(0) -> platform(13) subTarget(537395200) extendedPlatform(0)
Refreshing native plugins compatible for Editor in 0.38 ms, found 2 plugins.
Preloading 0 native plugins for Editor in 0.00 ms.
Unloading 1556 Unused Serialized files (Serialized files now loaded: 0)
System memory in use before: 70.9 MB.
System memory in use after: 71.0 MB.

Unloading 11 unused Assets to reduce memory usage. Loaded Objects now: 2041.
Total: 3.628900 ms (FindLiveObjects: 0.204800 ms CreateObjectMapping: 0.071100 ms MarkObjects: 3.327900 ms  DeleteObjects: 0.023800 ms)

AssetImportParameters requested are different than current active one (requested -> active):
  custom:framework-win-MediaFoundation: 216162199b28c13a410421893ffa2e32 -> 
  custom:video-decoder-ogg-theora: a1e56fd34408186e4bbccfd4996cb3dc -> 
  custom:container-muxer-webm: aa71ff27fc2769a1b78a27578f13a17b -> 
  custom:container-demuxer-webm: 4f35f7cbe854078d1ac9338744f61a02 -> 
  custom:container-demuxer-ogg: 62fdf1f143b41e24485cea50d1cbac27 -> 
  custom:video-encoder-webm-vp8: eb34c28f22e8b96e1ab97ce403110664 -> 
  custom:video-decoder-webm-vp8: 9c59270c3fd7afecdb556c50c9e8de78 -> 
  custom:graphics/normal-map-encoding: 01000000000000000000000000000000 -> 02000000000000000000000000000000
  custom:audio-decoder-ogg-vorbis: bf7c407c2cedff20999df2af8eb42d56 -> 
  custom:audio-encoder-webm-vorbis: bf7c407c2cedff20999df2af8eb42d56 -> 
========================================================================
Received Import Request.
  Time since last request: 41.837662 seconds.
  path: Assets/Scripts/Movement.cs
  artifactKey: Guid(23d05ce677e76f149a25eb37017697c0) Importer(815301076,1909f56bfc062723c751e8b465ee728b)
Start importing Assets/Scripts/Movement.cs using Guid(23d05ce677e76f149a25eb37017697c0) Importer(815301076,1909f56bfc062723c751e8b465ee728b)  -> (artifact id: 'e89cefdc3a5c8b8bca934371c304d45c') in 0.009191 seconds 
  Import took 0.017102 seconds .

========================================================================
Received Prepare
Registering precompiled user dll's ...
Registered in 0.002551 seconds.
Begin MonoManager ReloadAssembly
Native extension for WindowsStandalone target not found
Native extension for WebGL target not found
Refreshing native plugins compatible for Editor in 0.37 ms, found 2 plugins.
Preloading 0 native plugins for Editor in 0.00 ms.
Mono: successfully reloaded assembly
- Completed reload, in  1.201 seconds
Domain Reload Profiling:
	ReloadAssembly (1201ms)
		BeginReloadAssembly (124ms)
			ExecutionOrderSort (0ms)
			DisableScriptedObjects (8ms)
			BackupInstance (0ms)
			ReleaseScriptingObjects (0ms)
			CreateAndSetChildDomain (35ms)
		EndReloadAssembly (1002ms)
			LoadAssemblies (112ms)
			RebuildTransferFunctionScriptingTraits (0ms)
			SetupTypeCache (368ms)
			ReleaseScriptCaches (1ms)
			RebuildScriptCaches (61ms)
			SetupLoadedEditorAssemblies (289ms)
				LogAssemblyErrors (0ms)
				InitializePlatformSupportModulesInManaged (5ms)
				SetLoadedEditorAssemblies (0ms)
				RefreshPlugins (0ms)
				BeforeProcessingInitializeOnLoad (74ms)
				ProcessInitializeOnLoadAttributes (198ms)
				ProcessInitializeOnLoadMethodAttributes (9ms)
				AfterProcessingInitializeOnLoad (2ms)
				EditorAssembliesLoaded (0ms)
			ExecutionOrderSort2 (0ms)
			AwakeInstancesAfterBackupRestoration (7ms)
Platform modules already initialized, skipping
Switching build target platform(19) subTarget(0) extendedPlatform(0) -> platform(13) subTarget(537395200) extendedPlatform(0)
Refreshing native plugins compatible for Editor in 0.33 ms, found 2 plugins.
Preloading 0 native plugins for Editor in 0.00 ms.
Unloading 1556 Unused Serialized files (Serialized files now loaded: 0)
System memory in use before: 70.9 MB.
System memory in use after: 71.0 MB.

Unloading 11 unused Assets to reduce memory usage. Loaded Objects now: 2044.
Total: 2.902500 ms (FindLiveObjects: 0.157100 ms CreateObjectMapping: 0.045800 ms MarkObjects: 2.682500 ms  DeleteObjects: 0.015800 ms)

AssetImportParameters requested are different than current active one (requested -> active):
  custom:framework-win-MediaFoundation: 216162199b28c13a410421893ffa2e32 -> 
  custom:video-decoder-ogg-theora: a1e56fd34408186e4bbccfd4996cb3dc -> 
  custom:container-muxer-webm: aa71ff27fc2769a1b78a27578f13a17b -> 
  custom:container-demuxer-webm: 4f35f7cbe854078d1ac9338744f61a02 -> 
  custom:container-demuxer-ogg: 62fdf1f143b41e24485cea50d1cbac27 -> 
  custom:video-encoder-webm-vp8: eb34c28f22e8b96e1ab97ce403110664 -> 
  custom:video-decoder-webm-vp8: 9c59270c3fd7afecdb556c50c9e8de78 -> 
  custom:graphics/normal-map-encoding: 01000000000000000000000000000000 -> 02000000000000000000000000000000
  custom:audio-decoder-ogg-vorbis: bf7c407c2cedff20999df2af8eb42d56 -> 
  custom:audio-encoder-webm-vorbis: bf7c407c2cedff20999df2af8eb42d56 -> 
AssetImportWorkerClient::OnTransportError - code=2 error=End of file
